-------------------------------------------------------------------------------
Test set: TestSuite
-------------------------------------------------------------------------------
Tests run: 8, Failures: 1, Errors: 0, Skipped: 0, Time elapsed: 195.665 s <<< FAILURE! - in TestSuite
afterTest(com.qa.TestScripts.DataDrivenTest)  Time elapsed: 0.791 s  <<< FAILURE!
java.lang.AssertionError: Test is not Executed expected [true] but found [false]
	at com.qa.TestScripts.DataDrivenTest.afterTest(DataDrivenTest.java:35)

