<?xml version="1.0" encoding="UTF-8"?>
<testsuite xmlns:xsi="http://www.w3.org/2001/XMLSchema-instance" xsi:noNamespaceSchemaLocation="https://maven.apache.org/surefire/maven-surefire-plugin/xsd/surefire-test-report.xsd" name="TestSuite" time="195.665" tests="8" errors="0" skipped="0" failures="1">
  <properties>
[...]
</properties>
  <testcase name="ATest" classname="com.qa.TestScripts.Test1" time="6.021"/>
  <testcase name="afterTest" classname="com.qa.TestScripts.DataDrivenTest" time="0.791">
    <failure message="Test is not Executed expected [true] but found [false]" type="java.lang.AssertionError">java.lang.AssertionError: Test is not Executed expected [true] but found [false]
	at com.qa.TestScripts.DataDrivenTest.afterTest(DataDrivenTest.java:35)
</failure>
    <system-err><![CDATA[[Child 11904, Chrome_ChildThread] WARNING: pipe error: 109: file z:/build/build/src/ipc/chromium/src/chrome/common/ipc_channel_win.cc, line 346
[Child 11904, Chrome_ChildThread] WARNING: pipe error: 109: file z:/build/build/src/ipc/chromium/src/chrome/common/ipc_channel_win.cc, line 346
[Child 860, Chrome_ChildThread] WARNING: pipe error: 109: file z:/build/build/src/ipc/chromium/src/chrome/common/ipc_channel_win.cc, line 346
[Parent 9092, Gecko_IOThread] WARNING: pipe error: 109: file z:/build/build/src/ipc/chromium/src/chrome/common/ipc_channel_win.cc, line 346

###!!! [Child][MessageChannel::SendAndWait] Error: Channel error: cannot send/recv

1523614943345	geckodriver::marionette	ERROR	Failed to stop browser process
1523614944308	geckodriver	INFO	geckodriver 0.20.0
1523614944340	geckodriver	INFO	Listening on 127.0.0.1:8793
1523614944825	mozrunner::runner	INFO	Running command: "C:\\Program Files\\Firefox Developer Edition\\firefox.exe" "-marionette" "-profile" "C:\\Users\\suraj\\AppData\\Local\\Temp\\rust_mozprofile.HfI6NRei69HL"
Unable to read VR Path Registry from C:\Users\suraj\AppData\Local\openvr\openvrpaths.vrpath
Unable to read VR Path Registry from C:\Users\suraj\AppData\Local\openvr\openvrpaths.vrpath
Unable to read VR Path Registry from C:\Users\suraj\AppData\Local\openvr\openvrpaths.vrpath
Unable to read VR Path Registry from C:\Users\suraj\AppData\Local\openvr\openvrpaths.vrpath
Unable to read VR Path Registry from C:\Users\suraj\AppData\Local\openvr\openvrpaths.vrpath
1523614951302	Marionette	INFO	Listening on port 55320
1523614952273	Marionette	WARN	TLS certificate errors will be ignored for this session
Apr 13, 2018 3:52:32 PM org.openqa.selenium.remote.ProtocolHandshake createSession
INFO: Detected dialect: W3C
1523614982985	addons.productaddons	WARN	Failed downloading via XHR, status: 0, reason: error
]]></system-err>
  </testcase>
  <testcase name="excelTest" classname="com.qa.TestScripts.DataDrivenTest" time="3.563"/>
  <testcase name="excelTest" classname="com.qa.TestScripts.DataDrivenTest" time="2.175"/>
  <testcase name="excelTest" classname="com.qa.TestScripts.DataDrivenTest" time="2.22"/>
  <testcase name="excelTest" classname="com.qa.TestScripts.DataDrivenTest" time="2.236"/>
  <testcase name="excelTest" classname="com.qa.TestScripts.DataDrivenTest" time="2.121"/>
  <testcase name="excelTest" classname="com.qa.TestScripts.DataDrivenTest" time="2.199"/>
</testsuite>